Academic license - for non-commercial use only - expires 2021-08-11
/home/students.kutztown.edu/adell892/julia/JuliaOptHeuristics/MMKP/benchmark_problems/Class A/I07.txt
/home/students.kutztown.edu/adell892/julia/JuliaOptHeuristics/MMKP/benchmark_problems/Class A/I08.txt
/home/students.kutztown.edu/adell892/julia/JuliaOptHeuristics/MMKP/benchmark_problems/Class A/I09.txt
/home/students.kutztown.edu/adell892/julia/JuliaOptHeuristics/MMKP/benchmark_problems/Class A/I10.txt
/home/students.kutztown.edu/adell892/julia/JuliaOptHeuristics/MMKP/benchmark_problems/Class A/I11.txt
/home/students.kutztown.edu/adell892/julia/JuliaOptHeuristics/MMKP/benchmark_problems/Class A/I12.txt
/home/students.kutztown.edu/adell892/julia/JuliaOptHeuristics/MMKP/benchmark_problems/Class A/I13.txt
/home/students.kutztown.edu/adell892/julia/JuliaOptHeuristics/MMKP/benchmark_problems/Class B/INST01.txt
/home/students.kutztown.edu/adell892/julia/JuliaOptHeuristics/MMKP/benchmark_problems/Class B/INST02.txt
/home/students.kutztown.edu/adell892/julia/JuliaOptHeuristics/MMKP/benchmark_problems/Class B/INST03.txt
/home/students.kutztown.edu/adell892/julia/JuliaOptHeuristics/MMKP/benchmark_problems/Class B/INST04.txt
/home/students.kutztown.edu/adell892/julia/JuliaOptHeuristics/MMKP/benchmark_problems/Class B/INST05.txt
/home/students.kutztown.edu/adell892/julia/JuliaOptHeuristics/MMKP/benchmark_problems/Class B/INST06.txt
/home/students.kutztown.edu/adell892/julia/JuliaOptHeuristics/MMKP/benchmark_problems/Class B/INST07.txt
/home/students.kutztown.edu/adell892/julia/JuliaOptHeuristics/MMKP/benchmark_problems/Class B/INST08.txt
/home/students.kutztown.edu/adell892/julia/JuliaOptHeuristics/MMKP/benchmark_problems/Class B/INST09.txt
/home/students.kutztown.edu/adell892/julia/JuliaOptHeuristics/MMKP/benchmark_problems/Class B/INST10.txt
/home/students.kutztown.edu/adell892/julia/JuliaOptHeuristics/MMKP/benchmark_problems/Class B/INST11.txt
/home/students.kutztown.edu/adell892/julia/JuliaOptHeuristics/MMKP/benchmark_problems/Class B/INST12.txt
/home/students.kutztown.edu/adell892/julia/JuliaOptHeuristics/MMKP/benchmark_problems/Class B/INST13.txt
/home/students.kutztown.edu/adell892/julia/JuliaOptHeuristics/MMKP/benchmark_problems/Class B/INST14.txt
/home/students.kutztown.edu/adell892/julia/JuliaOptHeuristics/MMKP/benchmark_problems/Class B/INST15.txt
/home/students.kutztown.edu/adell892/julia/JuliaOptHeuristics/MMKP/benchmark_problems/Class B/INST16.txt
/home/students.kutztown.edu/adell892/julia/JuliaOptHeuristics/MMKP/benchmark_problems/Class B/INST17.txt
/home/students.kutztown.edu/adell892/julia/JuliaOptHeuristics/MMKP/benchmark_problems/Class B/INST18.txt
/home/students.kutztown.edu/adell892/julia/JuliaOptHeuristics/MMKP/benchmark_problems/Class B/INST19.txt
/home/students.kutztown.edu/adell892/julia/JuliaOptHeuristics/MMKP/benchmark_problems/Class B/INST20.txt
/home/students.kutztown.edu/adell892/julia/JuliaOptHeuristics/MMKP/benchmark_problems/Class C/INST21.txt
/home/students.kutztown.edu/adell892/julia/JuliaOptHeuristics/MMKP/benchmark_problems/Class C/INST22.txt
/home/students.kutztown.edu/adell892/julia/JuliaOptHeuristics/MMKP/benchmark_problems/Class C/INST23.txt
/home/students.kutztown.edu/adell892/julia/JuliaOptHeuristics/MMKP/benchmark_problems/Class C/INST24.txt
/home/students.kutztown.edu/adell892/julia/JuliaOptHeuristics/MMKP/benchmark_problems/Class C/INST25.txt
/home/students.kutztown.edu/adell892/julia/JuliaOptHeuristics/MMKP/benchmark_problems/Class C/INST26.txt
/home/students.kutztown.edu/adell892/julia/JuliaOptHeuristics/MMKP/benchmark_problems/Class C/INST27.txt
/home/students.kutztown.edu/adell892/julia/JuliaOptHeuristics/MMKP/benchmark_problems/Class C/INST28.txt
/home/students.kutztown.edu/adell892/julia/JuliaOptHeuristics/MMKP/benchmark_problems/Class C/INST29.txt
/home/students.kutztown.edu/adell892/julia/JuliaOptHeuristics/MMKP/benchmark_problems/Class C/INST30.txt
/home/students.kutztown.edu/adell892/julia/JuliaOptHeuristics/MMKP/benchmark_problems/Class D/Instance1.txt
/home/students.kutztown.edu/adell892/julia/JuliaOptHeuristics/MMKP/benchmark_problems/Class D/Instance10.txt
/home/students.kutztown.edu/adell892/julia/JuliaOptHeuristics/MMKP/benchmark_problems/Class D/Instance100.txt
/home/students.kutztown.edu/adell892/julia/JuliaOptHeuristics/MMKP/benchmark_problems/Class D/Instance101.txt
/home/students.kutztown.edu/adell892/julia/JuliaOptHeuristics/MMKP/benchmark_problems/Class D/Instance102.txt
/home/students.kutztown.edu/adell892/julia/JuliaOptHeuristics/MMKP/benchmark_problems/Class D/Instance103.txt
/home/students.kutztown.edu/adell892/julia/JuliaOptHeuristics/MMKP/benchmark_problems/Class D/Instance104.txt
/home/students.kutztown.edu/adell892/julia/JuliaOptHeuristics/MMKP/benchmark_problems/Class D/Instance105.txt
/home/students.kutztown.edu/adell892/julia/JuliaOptHeuristics/MMKP/benchmark_problems/Class D/Instance106.txt
/home/students.kutztown.edu/adell892/julia/JuliaOptHeuristics/MMKP/benchmark_problems/Class D/Instance107.txt
/home/students.kutztown.edu/adell892/julia/JuliaOptHeuristics/MMKP/benchmark_problems/Class D/Instance108.txt
/home/students.kutztown.edu/adell892/julia/JuliaOptHeuristics/MMKP/benchmark_problems/Class D/Instance109.txt
/home/students.kutztown.edu/adell892/julia/JuliaOptHeuristics/MMKP/benchmark_problems/Class D/Instance11.txt
/home/students.kutztown.edu/adell892/julia/JuliaOptHeuristics/MMKP/benchmark_problems/Class D/Instance110.txt
/home/students.kutztown.edu/adell892/julia/JuliaOptHeuristics/MMKP/benchmark_problems/Class D/Instance111.txt
/home/students.kutztown.edu/adell892/julia/JuliaOptHeuristics/MMKP/benchmark_problems/Class D/Instance112.txt
/home/students.kutztown.edu/adell892/julia/JuliaOptHeuristics/MMKP/benchmark_problems/Class D/Instance113.txt
/home/students.kutztown.edu/adell892/julia/JuliaOptHeuristics/MMKP/benchmark_problems/Class D/Instance114.txt
/home/students.kutztown.edu/adell892/julia/JuliaOptHeuristics/MMKP/benchmark_problems/Class D/Instance115.txt
/home/students.kutztown.edu/adell892/julia/JuliaOptHeuristics/MMKP/benchmark_problems/Class D/Instance116.txt
/home/students.kutztown.edu/adell892/julia/JuliaOptHeuristics/MMKP/benchmark_problems/Class D/Instance117.txt
/home/students.kutztown.edu/adell892/julia/JuliaOptHeuristics/MMKP/benchmark_problems/Class D/Instance118.txt
/home/students.kutztown.edu/adell892/julia/JuliaOptHeuristics/MMKP/benchmark_problems/Class D/Instance119.txt
/home/students.kutztown.edu/adell892/julia/JuliaOptHeuristics/MMKP/benchmark_problems/Class D/Instance12.txt
/home/students.kutztown.edu/adell892/julia/JuliaOptHeuristics/MMKP/benchmark_problems/Class D/Instance120.txt
/home/students.kutztown.edu/adell892/julia/JuliaOptHeuristics/MMKP/benchmark_problems/Class D/Instance121.txt
/home/students.kutztown.edu/adell892/julia/JuliaOptHeuristics/MMKP/benchmark_problems/Class D/Instance122.txt
/home/students.kutztown.edu/adell892/julia/JuliaOptHeuristics/MMKP/benchmark_problems/Class D/Instance123.txt
/home/students.kutztown.edu/adell892/julia/JuliaOptHeuristics/MMKP/benchmark_problems/Class D/Instance124.txt
/home/students.kutztown.edu/adell892/julia/JuliaOptHeuristics/MMKP/benchmark_problems/Class D/Instance125.txt
/home/students.kutztown.edu/adell892/julia/JuliaOptHeuristics/MMKP/benchmark_problems/Class D/Instance126.txt
/home/students.kutztown.edu/adell892/julia/JuliaOptHeuristics/MMKP/benchmark_problems/Class D/Instance127.txt
/home/students.kutztown.edu/adell892/julia/JuliaOptHeuristics/MMKP/benchmark_problems/Class D/Instance128.txt
/home/students.kutztown.edu/adell892/julia/JuliaOptHeuristics/MMKP/benchmark_problems/Class D/Instance129.txt
/home/students.kutztown.edu/adell892/julia/JuliaOptHeuristics/MMKP/benchmark_problems/Class D/Instance13.txt
/home/students.kutztown.edu/adell892/julia/JuliaOptHeuristics/MMKP/benchmark_problems/Class D/Instance130.txt
/home/students.kutztown.edu/adell892/julia/JuliaOptHeuristics/MMKP/benchmark_problems/Class D/Instance131.txt
/home/students.kutztown.edu/adell892/julia/JuliaOptHeuristics/MMKP/benchmark_problems/Class D/Instance132.txt
/home/students.kutztown.edu/adell892/julia/JuliaOptHeuristics/MMKP/benchmark_problems/Class D/Instance133.txt
/home/students.kutztown.edu/adell892/julia/JuliaOptHeuristics/MMKP/benchmark_problems/Class D/Instance134.txt
/home/students.kutztown.edu/adell892/julia/JuliaOptHeuristics/MMKP/benchmark_problems/Class D/Instance135.txt
/home/students.kutztown.edu/adell892/julia/JuliaOptHeuristics/MMKP/benchmark_problems/Class D/Instance136.txt
/home/students.kutztown.edu/adell892/julia/JuliaOptHeuristics/MMKP/benchmark_problems/Class D/Instance137.txt
/home/students.kutztown.edu/adell892/julia/JuliaOptHeuristics/MMKP/benchmark_problems/Class D/Instance138.txt
/home/students.kutztown.edu/adell892/julia/JuliaOptHeuristics/MMKP/benchmark_problems/Class D/Instance139.txt
/home/students.kutztown.edu/adell892/julia/JuliaOptHeuristics/MMKP/benchmark_problems/Class D/Instance14.txt
/home/students.kutztown.edu/adell892/julia/JuliaOptHeuristics/MMKP/benchmark_problems/Class D/Instance140.txt
/home/students.kutztown.edu/adell892/julia/JuliaOptHeuristics/MMKP/benchmark_problems/Class D/Instance141.txt
/home/students.kutztown.edu/adell892/julia/JuliaOptHeuristics/MMKP/benchmark_problems/Class D/Instance142.txt
/home/students.kutztown.edu/adell892/julia/JuliaOptHeuristics/MMKP/benchmark_problems/Class D/Instance143.txt
/home/students.kutztown.edu/adell892/julia/JuliaOptHeuristics/MMKP/benchmark_problems/Class D/Instance144.txt
/home/students.kutztown.edu/adell892/julia/JuliaOptHeuristics/MMKP/benchmark_problems/Class D/Instance145.txt
/home/students.kutztown.edu/adell892/julia/JuliaOptHeuristics/MMKP/benchmark_problems/Class D/Instance146.txt
/home/students.kutztown.edu/adell892/julia/JuliaOptHeuristics/MMKP/benchmark_problems/Class D/Instance147.txt
/home/students.kutztown.edu/adell892/julia/JuliaOptHeuristics/MMKP/benchmark_problems/Class D/Instance148.txt
/home/students.kutztown.edu/adell892/julia/JuliaOptHeuristics/MMKP/benchmark_problems/Class D/Instance149.txt
/home/students.kutztown.edu/adell892/julia/JuliaOptHeuristics/MMKP/benchmark_problems/Class D/Instance15.txt
/home/students.kutztown.edu/adell892/julia/JuliaOptHeuristics/MMKP/benchmark_problems/Class D/Instance150.txt
/home/students.kutztown.edu/adell892/julia/JuliaOptHeuristics/MMKP/benchmark_problems/Class D/Instance151.txt
/home/students.kutztown.edu/adell892/julia/JuliaOptHeuristics/MMKP/benchmark_problems/Class D/Instance152.txt
/home/students.kutztown.edu/adell892/julia/JuliaOptHeuristics/MMKP/benchmark_problems/Class D/Instance153.txt
/home/students.kutztown.edu/adell892/julia/JuliaOptHeuristics/MMKP/benchmark_problems/Class D/Instance154.txt
/home/students.kutztown.edu/adell892/julia/JuliaOptHeuristics/MMKP/benchmark_problems/Class D/Instance155.txt
/home/students.kutztown.edu/adell892/julia/JuliaOptHeuristics/MMKP/benchmark_problems/Class D/Instance156.txt
/home/students.kutztown.edu/adell892/julia/JuliaOptHeuristics/MMKP/benchmark_problems/Class D/Instance157.txt
/home/students.kutztown.edu/adell892/julia/JuliaOptHeuristics/MMKP/benchmark_problems/Class D/Instance158.txt
/home/students.kutztown.edu/adell892/julia/JuliaOptHeuristics/MMKP/benchmark_problems/Class D/Instance159.txt
/home/students.kutztown.edu/adell892/julia/JuliaOptHeuristics/MMKP/benchmark_problems/Class D/Instance16.txt
/home/students.kutztown.edu/adell892/julia/JuliaOptHeuristics/MMKP/benchmark_problems/Class D/Instance160.txt
/home/students.kutztown.edu/adell892/julia/JuliaOptHeuristics/MMKP/benchmark_problems/Class D/Instance161.txt
/home/students.kutztown.edu/adell892/julia/JuliaOptHeuristics/MMKP/benchmark_problems/Class D/Instance162.txt
/home/students.kutztown.edu/adell892/julia/JuliaOptHeuristics/MMKP/benchmark_problems/Class D/Instance163.txt
/home/students.kutztown.edu/adell892/julia/JuliaOptHeuristics/MMKP/benchmark_problems/Class D/Instance164.txt
/home/students.kutztown.edu/adell892/julia/JuliaOptHeuristics/MMKP/benchmark_problems/Class D/Instance165.txt
/home/students.kutztown.edu/adell892/julia/JuliaOptHeuristics/MMKP/benchmark_problems/Class D/Instance166.txt
/home/students.kutztown.edu/adell892/julia/JuliaOptHeuristics/MMKP/benchmark_problems/Class D/Instance167.txt
/home/students.kutztown.edu/adell892/julia/JuliaOptHeuristics/MMKP/benchmark_problems/Class D/Instance168.txt
/home/students.kutztown.edu/adell892/julia/JuliaOptHeuristics/MMKP/benchmark_problems/Class D/Instance169.txt
/home/students.kutztown.edu/adell892/julia/JuliaOptHeuristics/MMKP/benchmark_problems/Class D/Instance17.txt
/home/students.kutztown.edu/adell892/julia/JuliaOptHeuristics/MMKP/benchmark_problems/Class D/Instance170.txt
/home/students.kutztown.edu/adell892/julia/JuliaOptHeuristics/MMKP/benchmark_problems/Class D/Instance171.txt
/home/students.kutztown.edu/adell892/julia/JuliaOptHeuristics/MMKP/benchmark_problems/Class D/Instance172.txt
/home/students.kutztown.edu/adell892/julia/JuliaOptHeuristics/MMKP/benchmark_problems/Class D/Instance173.txt
/home/students.kutztown.edu/adell892/julia/JuliaOptHeuristics/MMKP/benchmark_problems/Class D/Instance174.txt
/home/students.kutztown.edu/adell892/julia/JuliaOptHeuristics/MMKP/benchmark_problems/Class D/Instance175.txt
/home/students.kutztown.edu/adell892/julia/JuliaOptHeuristics/MMKP/benchmark_problems/Class D/Instance176.txt
/home/students.kutztown.edu/adell892/julia/JuliaOptHeuristics/MMKP/benchmark_problems/Class D/Instance177.txt
/home/students.kutztown.edu/adell892/julia/JuliaOptHeuristics/MMKP/benchmark_problems/Class D/Instance178.txt
/home/students.kutztown.edu/adell892/julia/JuliaOptHeuristics/MMKP/benchmark_problems/Class D/Instance179.txt
/home/students.kutztown.edu/adell892/julia/JuliaOptHeuristics/MMKP/benchmark_problems/Class D/Instance18.txt
/home/students.kutztown.edu/adell892/julia/JuliaOptHeuristics/MMKP/benchmark_problems/Class D/Instance180.txt
/home/students.kutztown.edu/adell892/julia/JuliaOptHeuristics/MMKP/benchmark_problems/Class D/Instance181.txt
/home/students.kutztown.edu/adell892/julia/JuliaOptHeuristics/MMKP/benchmark_problems/Class D/Instance182.txt
/home/students.kutztown.edu/adell892/julia/JuliaOptHeuristics/MMKP/benchmark_problems/Class D/Instance183.txt
/home/students.kutztown.edu/adell892/julia/JuliaOptHeuristics/MMKP/benchmark_problems/Class D/Instance184.txt
/home/students.kutztown.edu/adell892/julia/JuliaOptHeuristics/MMKP/benchmark_problems/Class D/Instance185.txt
/home/students.kutztown.edu/adell892/julia/JuliaOptHeuristics/MMKP/benchmark_problems/Class D/Instance186.txt
/home/students.kutztown.edu/adell892/julia/JuliaOptHeuristics/MMKP/benchmark_problems/Class D/Instance187.txt
/home/students.kutztown.edu/adell892/julia/JuliaOptHeuristics/MMKP/benchmark_problems/Class D/Instance188.txt
/home/students.kutztown.edu/adell892/julia/JuliaOptHeuristics/MMKP/benchmark_problems/Class D/Instance189.txt
/home/students.kutztown.edu/adell892/julia/JuliaOptHeuristics/MMKP/benchmark_problems/Class D/Instance19.txt
/home/students.kutztown.edu/adell892/julia/JuliaOptHeuristics/MMKP/benchmark_problems/Class D/Instance190.txt
/home/students.kutztown.edu/adell892/julia/JuliaOptHeuristics/MMKP/benchmark_problems/Class D/Instance191.txt
/home/students.kutztown.edu/adell892/julia/JuliaOptHeuristics/MMKP/benchmark_problems/Class D/Instance192.txt
/home/students.kutztown.edu/adell892/julia/JuliaOptHeuristics/MMKP/benchmark_problems/Class D/Instance193.txt
/home/students.kutztown.edu/adell892/julia/JuliaOptHeuristics/MMKP/benchmark_problems/Class D/Instance194.txt
/home/students.kutztown.edu/adell892/julia/JuliaOptHeuristics/MMKP/benchmark_problems/Class D/Instance195.txt
/home/students.kutztown.edu/adell892/julia/JuliaOptHeuristics/MMKP/benchmark_problems/Class D/Instance196.txt
/home/students.kutztown.edu/adell892/julia/JuliaOptHeuristics/MMKP/benchmark_problems/Class D/Instance197.txt
/home/students.kutztown.edu/adell892/julia/JuliaOptHeuristics/MMKP/benchmark_problems/Class D/Instance198.txt
/home/students.kutztown.edu/adell892/julia/JuliaOptHeuristics/MMKP/benchmark_problems/Class D/Instance199.txt
/home/students.kutztown.edu/adell892/julia/JuliaOptHeuristics/MMKP/benchmark_problems/Class D/Instance2.txt
/home/students.kutztown.edu/adell892/julia/JuliaOptHeuristics/MMKP/benchmark_problems/Class D/Instance20.txt
/home/students.kutztown.edu/adell892/julia/JuliaOptHeuristics/MMKP/benchmark_problems/Class D/Instance200.txt
/home/students.kutztown.edu/adell892/julia/JuliaOptHeuristics/MMKP/benchmark_problems/Class D/Instance201.txt
/home/students.kutztown.edu/adell892/julia/JuliaOptHeuristics/MMKP/benchmark_problems/Class D/Instance202.txt
/home/students.kutztown.edu/adell892/julia/JuliaOptHeuristics/MMKP/benchmark_problems/Class D/Instance203.txt
/home/students.kutztown.edu/adell892/julia/JuliaOptHeuristics/MMKP/benchmark_problems/Class D/Instance204.txt
/home/students.kutztown.edu/adell892/julia/JuliaOptHeuristics/MMKP/benchmark_problems/Class D/Instance205.txt
/home/students.kutztown.edu/adell892/julia/JuliaOptHeuristics/MMKP/benchmark_problems/Class D/Instance206.txt
/home/students.kutztown.edu/adell892/julia/JuliaOptHeuristics/MMKP/benchmark_problems/Class D/Instance207.txt
/home/students.kutztown.edu/adell892/julia/JuliaOptHeuristics/MMKP/benchmark_problems/Class D/Instance208.txt
/home/students.kutztown.edu/adell892/julia/JuliaOptHeuristics/MMKP/benchmark_problems/Class D/Instance209.txt
/home/students.kutztown.edu/adell892/julia/JuliaOptHeuristics/MMKP/benchmark_problems/Class D/Instance21.txt
/home/students.kutztown.edu/adell892/julia/JuliaOptHeuristics/MMKP/benchmark_problems/Class D/Instance210.txt
/home/students.kutztown.edu/adell892/julia/JuliaOptHeuristics/MMKP/benchmark_problems/Class D/Instance211.txt
/home/students.kutztown.edu/adell892/julia/JuliaOptHeuristics/MMKP/benchmark_problems/Class D/Instance212.txt
/home/students.kutztown.edu/adell892/julia/JuliaOptHeuristics/MMKP/benchmark_problems/Class D/Instance213.txt
/home/students.kutztown.edu/adell892/julia/JuliaOptHeuristics/MMKP/benchmark_problems/Class D/Instance214.txt
/home/students.kutztown.edu/adell892/julia/JuliaOptHeuristics/MMKP/benchmark_problems/Class D/Instance215.txt
/home/students.kutztown.edu/adell892/julia/JuliaOptHeuristics/MMKP/benchmark_problems/Class D/Instance216.txt
/home/students.kutztown.edu/adell892/julia/JuliaOptHeuristics/MMKP/benchmark_problems/Class D/Instance217.txt
/home/students.kutztown.edu/adell892/julia/JuliaOptHeuristics/MMKP/benchmark_problems/Class D/Instance218.txt
/home/students.kutztown.edu/adell892/julia/JuliaOptHeuristics/MMKP/benchmark_problems/Class D/Instance219.txt
/home/students.kutztown.edu/adell892/julia/JuliaOptHeuristics/MMKP/benchmark_problems/Class D/Instance22.txt
/home/students.kutztown.edu/adell892/julia/JuliaOptHeuristics/MMKP/benchmark_problems/Class D/Instance220.txt
/home/students.kutztown.edu/adell892/julia/JuliaOptHeuristics/MMKP/benchmark_problems/Class D/Instance221.txt
/home/students.kutztown.edu/adell892/julia/JuliaOptHeuristics/MMKP/benchmark_problems/Class D/Instance222.txt
/home/students.kutztown.edu/adell892/julia/JuliaOptHeuristics/MMKP/benchmark_problems/Class D/Instance223.txt
/home/students.kutztown.edu/adell892/julia/JuliaOptHeuristics/MMKP/benchmark_problems/Class D/Instance224.txt
/home/students.kutztown.edu/adell892/julia/JuliaOptHeuristics/MMKP/benchmark_problems/Class D/Instance225.txt
/home/students.kutztown.edu/adell892/julia/JuliaOptHeuristics/MMKP/benchmark_problems/Class D/Instance226.txt
/home/students.kutztown.edu/adell892/julia/JuliaOptHeuristics/MMKP/benchmark_problems/Class D/Instance227.txt
/home/students.kutztown.edu/adell892/julia/JuliaOptHeuristics/MMKP/benchmark_problems/Class D/Instance228.txt
/home/students.kutztown.edu/adell892/julia/JuliaOptHeuristics/MMKP/benchmark_problems/Class D/Instance229.txt
/home/students.kutztown.edu/adell892/julia/JuliaOptHeuristics/MMKP/benchmark_problems/Class D/Instance23.txt
/home/students.kutztown.edu/adell892/julia/JuliaOptHeuristics/MMKP/benchmark_problems/Class D/Instance230.txt
/home/students.kutztown.edu/adell892/julia/JuliaOptHeuristics/MMKP/benchmark_problems/Class D/Instance231.txt
/home/students.kutztown.edu/adell892/julia/JuliaOptHeuristics/MMKP/benchmark_problems/Class D/Instance232.txt
/home/students.kutztown.edu/adell892/julia/JuliaOptHeuristics/MMKP/benchmark_problems/Class D/Instance233.txt
/home/students.kutztown.edu/adell892/julia/JuliaOptHeuristics/MMKP/benchmark_problems/Class D/Instance234.txt
/home/students.kutztown.edu/adell892/julia/JuliaOptHeuristics/MMKP/benchmark_problems/Class D/Instance235.txt
/home/students.kutztown.edu/adell892/julia/JuliaOptHeuristics/MMKP/benchmark_problems/Class D/Instance236.txt
/home/students.kutztown.edu/adell892/julia/JuliaOptHeuristics/MMKP/benchmark_problems/Class D/Instance237.txt
/home/students.kutztown.edu/adell892/julia/JuliaOptHeuristics/MMKP/benchmark_problems/Class D/Instance238.txt
/home/students.kutztown.edu/adell892/julia/JuliaOptHeuristics/MMKP/benchmark_problems/Class D/Instance239.txt
/home/students.kutztown.edu/adell892/julia/JuliaOptHeuristics/MMKP/benchmark_problems/Class D/Instance24.txt
/home/students.kutztown.edu/adell892/julia/JuliaOptHeuristics/MMKP/benchmark_problems/Class D/Instance240.txt
/home/students.kutztown.edu/adell892/julia/JuliaOptHeuristics/MMKP/benchmark_problems/Class D/Instance241.txt
/home/students.kutztown.edu/adell892/julia/JuliaOptHeuristics/MMKP/benchmark_problems/Class D/Instance242.txt
/home/students.kutztown.edu/adell892/julia/JuliaOptHeuristics/MMKP/benchmark_problems/Class D/Instance243.txt
/home/students.kutztown.edu/adell892/julia/JuliaOptHeuristics/MMKP/benchmark_problems/Class D/Instance244.txt
/home/students.kutztown.edu/adell892/julia/JuliaOptHeuristics/MMKP/benchmark_problems/Class D/Instance245.txt
/home/students.kutztown.edu/adell892/julia/JuliaOptHeuristics/MMKP/benchmark_problems/Class D/Instance246.txt
/home/students.kutztown.edu/adell892/julia/JuliaOptHeuristics/MMKP/benchmark_problems/Class D/Instance247.txt
/home/students.kutztown.edu/adell892/julia/JuliaOptHeuristics/MMKP/benchmark_problems/Class D/Instance248.txt
/home/students.kutztown.edu/adell892/julia/JuliaOptHeuristics/MMKP/benchmark_problems/Class D/Instance249.txt
/home/students.kutztown.edu/adell892/julia/JuliaOptHeuristics/MMKP/benchmark_problems/Class D/Instance25.txt
/home/students.kutztown.edu/adell892/julia/JuliaOptHeuristics/MMKP/benchmark_problems/Class D/Instance250.txt
/home/students.kutztown.edu/adell892/julia/JuliaOptHeuristics/MMKP/benchmark_problems/Class D/Instance251.txt
/home/students.kutztown.edu/adell892/julia/JuliaOptHeuristics/MMKP/benchmark_problems/Class D/Instance252.txt
/home/students.kutztown.edu/adell892/julia/JuliaOptHeuristics/MMKP/benchmark_problems/Class D/Instance253.txt
/home/students.kutztown.edu/adell892/julia/JuliaOptHeuristics/MMKP/benchmark_problems/Class D/Instance254.txt
/home/students.kutztown.edu/adell892/julia/JuliaOptHeuristics/MMKP/benchmark_problems/Class D/Instance255.txt
/home/students.kutztown.edu/adell892/julia/JuliaOptHeuristics/MMKP/benchmark_problems/Class D/Instance256.txt
/home/students.kutztown.edu/adell892/julia/JuliaOptHeuristics/MMKP/benchmark_problems/Class D/Instance26.txt
/home/students.kutztown.edu/adell892/julia/JuliaOptHeuristics/MMKP/benchmark_problems/Class D/Instance27.txt
/home/students.kutztown.edu/adell892/julia/JuliaOptHeuristics/MMKP/benchmark_problems/Class D/Instance28.txt
/home/students.kutztown.edu/adell892/julia/JuliaOptHeuristics/MMKP/benchmark_problems/Class D/Instance29.txt
/home/students.kutztown.edu/adell892/julia/JuliaOptHeuristics/MMKP/benchmark_problems/Class D/Instance3.txt
/home/students.kutztown.edu/adell892/julia/JuliaOptHeuristics/MMKP/benchmark_problems/Class D/Instance30.txt
/home/students.kutztown.edu/adell892/julia/JuliaOptHeuristics/MMKP/benchmark_problems/Class D/Instance31.txt
/home/students.kutztown.edu/adell892/julia/JuliaOptHeuristics/MMKP/benchmark_problems/Class D/Instance32.txt
/home/students.kutztown.edu/adell892/julia/JuliaOptHeuristics/MMKP/benchmark_problems/Class D/Instance33.txt
/home/students.kutztown.edu/adell892/julia/JuliaOptHeuristics/MMKP/benchmark_problems/Class D/Instance34.txt
/home/students.kutztown.edu/adell892/julia/JuliaOptHeuristics/MMKP/benchmark_problems/Class D/Instance35.txt
/home/students.kutztown.edu/adell892/julia/JuliaOptHeuristics/MMKP/benchmark_problems/Class D/Instance36.txt
/home/students.kutztown.edu/adell892/julia/JuliaOptHeuristics/MMKP/benchmark_problems/Class D/Instance37.txt
/home/students.kutztown.edu/adell892/julia/JuliaOptHeuristics/MMKP/benchmark_problems/Class D/Instance38.txt
/home/students.kutztown.edu/adell892/julia/JuliaOptHeuristics/MMKP/benchmark_problems/Class D/Instance39.txt
/home/students.kutztown.edu/adell892/julia/JuliaOptHeuristics/MMKP/benchmark_problems/Class D/Instance4.txt
/home/students.kutztown.edu/adell892/julia/JuliaOptHeuristics/MMKP/benchmark_problems/Class D/Instance40.txt
/home/students.kutztown.edu/adell892/julia/JuliaOptHeuristics/MMKP/benchmark_problems/Class D/Instance41.txt
/home/students.kutztown.edu/adell892/julia/JuliaOptHeuristics/MMKP/benchmark_problems/Class D/Instance42.txt
/home/students.kutztown.edu/adell892/julia/JuliaOptHeuristics/MMKP/benchmark_problems/Class D/Instance43.txt
/home/students.kutztown.edu/adell892/julia/JuliaOptHeuristics/MMKP/benchmark_problems/Class D/Instance44.txt
/home/students.kutztown.edu/adell892/julia/JuliaOptHeuristics/MMKP/benchmark_problems/Class D/Instance45.txt
/home/students.kutztown.edu/adell892/julia/JuliaOptHeuristics/MMKP/benchmark_problems/Class D/Instance46.txt
/home/students.kutztown.edu/adell892/julia/JuliaOptHeuristics/MMKP/benchmark_problems/Class D/Instance47.txt
/home/students.kutztown.edu/adell892/julia/JuliaOptHeuristics/MMKP/benchmark_problems/Class D/Instance48.txt
/home/students.kutztown.edu/adell892/julia/JuliaOptHeuristics/MMKP/benchmark_problems/Class D/Instance49.txt
/home/students.kutztown.edu/adell892/julia/JuliaOptHeuristics/MMKP/benchmark_problems/Class D/Instance5.txt
/home/students.kutztown.edu/adell892/julia/JuliaOptHeuristics/MMKP/benchmark_problems/Class D/Instance50.txt
/home/students.kutztown.edu/adell892/julia/JuliaOptHeuristics/MMKP/benchmark_problems/Class D/Instance51.txt
/home/students.kutztown.edu/adell892/julia/JuliaOptHeuristics/MMKP/benchmark_problems/Class D/Instance52.txt
/home/students.kutztown.edu/adell892/julia/JuliaOptHeuristics/MMKP/benchmark_problems/Class D/Instance53.txt
/home/students.kutztown.edu/adell892/julia/JuliaOptHeuristics/MMKP/benchmark_problems/Class D/Instance54.txt
/home/students.kutztown.edu/adell892/julia/JuliaOptHeuristics/MMKP/benchmark_problems/Class D/Instance55.txt
/home/students.kutztown.edu/adell892/julia/JuliaOptHeuristics/MMKP/benchmark_problems/Class D/Instance56.txt
/home/students.kutztown.edu/adell892/julia/JuliaOptHeuristics/MMKP/benchmark_problems/Class D/Instance57.txt
/home/students.kutztown.edu/adell892/julia/JuliaOptHeuristics/MMKP/benchmark_problems/Class D/Instance58.txt
/home/students.kutztown.edu/adell892/julia/JuliaOptHeuristics/MMKP/benchmark_problems/Class D/Instance59.txt
/home/students.kutztown.edu/adell892/julia/JuliaOptHeuristics/MMKP/benchmark_problems/Class D/Instance6.txt
/home/students.kutztown.edu/adell892/julia/JuliaOptHeuristics/MMKP/benchmark_problems/Class D/Instance60.txt
/home/students.kutztown.edu/adell892/julia/JuliaOptHeuristics/MMKP/benchmark_problems/Class D/Instance61.txt
/home/students.kutztown.edu/adell892/julia/JuliaOptHeuristics/MMKP/benchmark_problems/Class D/Instance62.txt
/home/students.kutztown.edu/adell892/julia/JuliaOptHeuristics/MMKP/benchmark_problems/Class D/Instance63.txt
/home/students.kutztown.edu/adell892/julia/JuliaOptHeuristics/MMKP/benchmark_problems/Class D/Instance64.txt
/home/students.kutztown.edu/adell892/julia/JuliaOptHeuristics/MMKP/benchmark_problems/Class D/Instance65.txt
/home/students.kutztown.edu/adell892/julia/JuliaOptHeuristics/MMKP/benchmark_problems/Class D/Instance66.txt
/home/students.kutztown.edu/adell892/julia/JuliaOptHeuristics/MMKP/benchmark_problems/Class D/Instance67.txt
/home/students.kutztown.edu/adell892/julia/JuliaOptHeuristics/MMKP/benchmark_problems/Class D/Instance68.txt
/home/students.kutztown.edu/adell892/julia/JuliaOptHeuristics/MMKP/benchmark_problems/Class D/Instance69.txt
/home/students.kutztown.edu/adell892/julia/JuliaOptHeuristics/MMKP/benchmark_problems/Class D/Instance7.txt
/home/students.kutztown.edu/adell892/julia/JuliaOptHeuristics/MMKP/benchmark_problems/Class D/Instance70.txt
/home/students.kutztown.edu/adell892/julia/JuliaOptHeuristics/MMKP/benchmark_problems/Class D/Instance71.txt
/home/students.kutztown.edu/adell892/julia/JuliaOptHeuristics/MMKP/benchmark_problems/Class D/Instance72.txt
/home/students.kutztown.edu/adell892/julia/JuliaOptHeuristics/MMKP/benchmark_problems/Class D/Instance73.txt
/home/students.kutztown.edu/adell892/julia/JuliaOptHeuristics/MMKP/benchmark_problems/Class D/Instance74.txt
/home/students.kutztown.edu/adell892/julia/JuliaOptHeuristics/MMKP/benchmark_problems/Class D/Instance75.txt
/home/students.kutztown.edu/adell892/julia/JuliaOptHeuristics/MMKP/benchmark_problems/Class D/Instance76.txt
/home/students.kutztown.edu/adell892/julia/JuliaOptHeuristics/MMKP/benchmark_problems/Class D/Instance77.txt
/home/students.kutztown.edu/adell892/julia/JuliaOptHeuristics/MMKP/benchmark_problems/Class D/Instance78.txt
/home/students.kutztown.edu/adell892/julia/JuliaOptHeuristics/MMKP/benchmark_problems/Class D/Instance79.txt
/home/students.kutztown.edu/adell892/julia/JuliaOptHeuristics/MMKP/benchmark_problems/Class D/Instance8.txt
/home/students.kutztown.edu/adell892/julia/JuliaOptHeuristics/MMKP/benchmark_problems/Class D/Instance80.txt
/home/students.kutztown.edu/adell892/julia/JuliaOptHeuristics/MMKP/benchmark_problems/Class D/Instance81.txt
/home/students.kutztown.edu/adell892/julia/JuliaOptHeuristics/MMKP/benchmark_problems/Class D/Instance82.txt
/home/students.kutztown.edu/adell892/julia/JuliaOptHeuristics/MMKP/benchmark_problems/Class D/Instance83.txt
/home/students.kutztown.edu/adell892/julia/JuliaOptHeuristics/MMKP/benchmark_problems/Class D/Instance84.txt
/home/students.kutztown.edu/adell892/julia/JuliaOptHeuristics/MMKP/benchmark_problems/Class D/Instance85.txt
/home/students.kutztown.edu/adell892/julia/JuliaOptHeuristics/MMKP/benchmark_problems/Class D/Instance86.txt
/home/students.kutztown.edu/adell892/julia/JuliaOptHeuristics/MMKP/benchmark_problems/Class D/Instance87.txt
/home/students.kutztown.edu/adell892/julia/JuliaOptHeuristics/MMKP/benchmark_problems/Class D/Instance88.txt
/home/students.kutztown.edu/adell892/julia/JuliaOptHeuristics/MMKP/benchmark_problems/Class D/Instance89.txt
/home/students.kutztown.edu/adell892/julia/JuliaOptHeuristics/MMKP/benchmark_problems/Class D/Instance9.txt
/home/students.kutztown.edu/adell892/julia/JuliaOptHeuristics/MMKP/benchmark_problems/Class D/Instance90.txt
/home/students.kutztown.edu/adell892/julia/JuliaOptHeuristics/MMKP/benchmark_problems/Class D/Instance91.txt
/home/students.kutztown.edu/adell892/julia/JuliaOptHeuristics/MMKP/benchmark_problems/Class D/Instance92.txt
/home/students.kutztown.edu/adell892/julia/JuliaOptHeuristics/MMKP/benchmark_problems/Class D/Instance93.txt
/home/students.kutztown.edu/adell892/julia/JuliaOptHeuristics/MMKP/benchmark_problems/Class D/Instance94.txt
/home/students.kutztown.edu/adell892/julia/JuliaOptHeuristics/MMKP/benchmark_problems/Class D/Instance95.txt
/home/students.kutztown.edu/adell892/julia/JuliaOptHeuristics/MMKP/benchmark_problems/Class D/Instance96.txt
/home/students.kutztown.edu/adell892/julia/JuliaOptHeuristics/MMKP/benchmark_problems/Class D/Instance97.txt
/home/students.kutztown.edu/adell892/julia/JuliaOptHeuristics/MMKP/benchmark_problems/Class D/Instance98.txt
/home/students.kutztown.edu/adell892/julia/JuliaOptHeuristics/MMKP/benchmark_problems/Class D/Instance99.txt
dir already exists
